This is pdfTeX, Version 3.14159265-2.6-1.40.19 (MiKTeX 2.9.6800 64-bit) (preloaded format=pdflatex 2018.9.8)  17 DEC 2019 05:24
entering extended mode
**./template.tex
(template.tex
LaTeX2e <2018-04-01> patch level 5
(crm-article.cls
Document Class: crm-article 2018/09/03 CRM class v.0.0.5
 Copyright (c) 2007-2018 MSU BioPhysics Dept. Moscow (mce@mce.su).
 Licensed under the LPPL: http://www.latex-project.org/lppl.txt
 Parts of the file are:
 Copyright (c) 1997-1999 Patrick W Daly,
 Copyright (c) 1997-1998 David Carlisle,
 Copyright (c) 1999 The American Physical Society (revtex4@aps.org, http://publ
ish.aps.org/revtex4/),
 Copyright (c) 2004 ITP TU Berlin,
 Copyright (c) 2008 Andrey Paramonov (cmr.Pent@gmail.com),
 ... and others ... .
("C:\Program Files\MiKTeX 2.9\tex\latex\base\article.cls"
Document Class: article 2014/09/29 v1.4h Standard LaTeX document class
("C:\Program Files\MiKTeX 2.9\tex\latex\base\fleqn.clo"
File: fleqn.clo 2016/12/29 v1.2a Standard LaTeX option (flush left equations)
\mathindent=\dimen102
Applying: [2015/01/01] Make \[ robust on input line 50.
LaTeX Info: Redefining \[ on input line 51.
Already applied: [0000/00/00] Make \[ robust on input line 62.
Applying: [2015/01/01] Make \] robust on input line 74.
LaTeX Info: Redefining \] on input line 75.
Already applied: [0000/00/00] Make \] robust on input line 83.
)
("C:\Program Files\MiKTeX 2.9\tex\latex\base\size11.clo"
File: size11.clo 2014/09/29 v1.4h Standard LaTeX file (size option)
)
\c@part=\count80
\c@section=\count81
\c@subsection=\count82
\c@subsubsection=\count83
\c@paragraph=\count84
\c@subparagraph=\count85
\c@figure=\count86
\c@table=\count87
\abovecaptionskip=\skip41
\belowcaptionskip=\skip42
\bibindent=\dimen103
) (rcdthm.sty
Package: rcdthm 2001/11/11
\rcdthmsep=\skip43
)
("C:\Program Files\MiKTeX 2.9\tex\latex\amsfonts\amssymb.sty"
Package: amssymb 2013/01/14 v3.01 AMS font symbols

("C:\Program Files\MiKTeX 2.9\tex\latex\amsfonts\amsfonts.sty"
Package: amsfonts 2013/01/14 v3.01 Basic AMSFonts support
\@emptytoks=\toks14
\symAMSa=\mathgroup4
\symAMSb=\mathgroup5
LaTeX Font Info:    Overwriting math alphabet `\mathfrak' in version `bold'
(Font)                  U/euf/m/n --> U/euf/b/n on input line 106.
))
("C:\Program Files\MiKTeX 2.9\tex\latex\amsmath\amstext.sty"
Package: amstext 2000/06/29 v2.01 AMS text

("C:\Program Files\MiKTeX 2.9\tex\latex\amsmath\amsgen.sty"
File: amsgen.sty 1999/11/30 v2.0 generic functions
\@emptytoks=\toks15
\ex@=\dimen104
))
("C:\Program Files\MiKTeX 2.9\tex\latex\amsmath\amsmath.sty"
Package: amsmath 2017/09/02 v2.17a AMS math features
\@mathmargin=\skip44

For additional information on amsmath, use the `?' option.
("C:\Program Files\MiKTeX 2.9\tex\latex\amsmath\amsbsy.sty"
Package: amsbsy 1999/11/29 v1.2d Bold Symbols
\pmbraise@=\dimen105
)
("C:\Program Files\MiKTeX 2.9\tex\latex\amsmath\amsopn.sty"
Package: amsopn 2016/03/08 v2.02 operator names
)
\inf@bad=\count88
LaTeX Info: Redefining \frac on input line 213.
\uproot@=\count89
\leftroot@=\count90
LaTeX Info: Redefining \overline on input line 375.
\classnum@=\count91
\DOTSCASE@=\count92
LaTeX Info: Redefining \ldots on input line 472.
LaTeX Info: Redefining \dots on input line 475.
LaTeX Info: Redefining \cdots on input line 596.
\Mathstrutbox@=\box26
\strutbox@=\box27
\big@size=\dimen106
LaTeX Font Info:    Redeclaring font encoding OML on input line 712.
LaTeX Font Info:    Redeclaring font encoding OMS on input line 713.
\macc@depth=\count93
\c@MaxMatrixCols=\count94
\dotsspace@=\muskip10
\c@parentequation=\count95
\dspbrk@lvl=\count96
\tag@help=\toks16
\row@=\count97
\column@=\count98
\maxfields@=\count99
\andhelp@=\toks17
\eqnshift@=\dimen107
\alignsep@=\dimen108
\tagshift@=\dimen109
\tagwidth@=\dimen110
\totwidth@=\dimen111
\lineht@=\dimen112
\@envbody=\toks18
\multlinegap=\skip45
\multlinetaggap=\skip46
\mathdisplay@stack=\toks19
LaTeX Info: Redefining \[ on input line 2817.
LaTeX Info: Redefining \] on input line 2818.
)
("C:\Program Files\MiKTeX 2.9\tex\latex\l3packages\xparse\xparse.sty"
("C:\Program Files\MiKTeX 2.9\tex\latex\l3kernel\expl3.sty"
Package: expl3 2018-10-19 L3 programming layer (loader) 

("C:\Program Files\MiKTeX 2.9\tex\latex\l3kernel\expl3-code.tex"
Package: expl3 2018-10-19 L3 programming layer (code)
\c_max_int=\count100
\l_tmpa_int=\count101
\l_tmpb_int=\count102
\g_tmpa_int=\count103
\g_tmpb_int=\count104
\g__kernel_prg_map_int=\count105
\c_log_iow=\count106
\l_iow_line_count_int=\count107
\l__iow_line_target_int=\count108
\l__iow_one_indent_int=\count109
\l__iow_indent_int=\count110
\c_zero_dim=\dimen113
\c_max_dim=\dimen114
\l_tmpa_dim=\dimen115
\l_tmpb_dim=\dimen116
\g_tmpa_dim=\dimen117
\g_tmpb_dim=\dimen118
\c_zero_skip=\skip47
\c_max_skip=\skip48
\l_tmpa_skip=\skip49
\l_tmpb_skip=\skip50
\g_tmpa_skip=\skip51
\g_tmpb_skip=\skip52
\c_zero_muskip=\muskip11
\c_max_muskip=\muskip12
\l_tmpa_muskip=\muskip13
\l_tmpb_muskip=\muskip14
\g_tmpa_muskip=\muskip15
\g_tmpb_muskip=\muskip16
\l_keys_choice_int=\count111
\l__intarray_loop_int=\count112
\c__intarray_sp_dim=\dimen119
\g__intarray_font_int=\count113
\c__fp_leading_shift_int=\count114
\c__fp_middle_shift_int=\count115
\c__fp_trailing_shift_int=\count116
\c__fp_big_leading_shift_int=\count117
\c__fp_big_middle_shift_int=\count118
\c__fp_big_trailing_shift_int=\count119
\c__fp_Bigg_leading_shift_int=\count120
\c__fp_Bigg_middle_shift_int=\count121
\c__fp_Bigg_trailing_shift_int=\count122
\c__kernel_randint_max_int=\count123
\g__fp_array_int=\count124
\l__fp_array_loop_int=\count125
\l__sort_length_int=\count126
\l__sort_min_int=\count127
\l__sort_top_int=\count128
\l__sort_max_int=\count129
\l__sort_true_max_int=\count130
\l__sort_block_int=\count131
\l__sort_begin_int=\count132
\l__sort_end_int=\count133
\l__sort_A_int=\count134
\l__sort_B_int=\count135
\l__sort_C_int=\count136
\l__tl_analysis_normal_int=\count137
\l__tl_analysis_index_int=\count138
\l__tl_analysis_nesting_int=\count139
\l__tl_analysis_type_int=\count140
\l__regex_internal_a_int=\count141
\l__regex_internal_b_int=\count142
\l__regex_internal_c_int=\count143
\l__regex_balance_int=\count144
\l__regex_group_level_int=\count145
\l__regex_mode_int=\count146
\c__regex_cs_in_class_mode_int=\count147
\c__regex_cs_mode_int=\count148
\l__regex_catcodes_int=\count149
\l__regex_default_catcodes_int=\count150
\c__regex_catcode_D_int=\count151
\c__regex_catcode_S_int=\count152
\c__regex_catcode_L_int=\count153
\c__regex_catcode_O_int=\count154
\c__regex_catcode_A_int=\count155
\c__regex_all_catcodes_int=\count156
\l__regex_show_lines_int=\count157
\l__regex_min_state_int=\count158
\l__regex_max_state_int=\count159
\l__regex_left_state_int=\count160
\l__regex_right_state_int=\count161
\l__regex_capturing_group_int=\count162
\l__regex_min_pos_int=\count163
\l__regex_max_pos_int=\count164
\l__regex_curr_pos_int=\count165
\l__regex_start_pos_int=\count166
\l__regex_success_pos_int=\count167
\l__regex_curr_char_int=\count168
\l__regex_curr_catcode_int=\count169
\l__regex_last_char_int=\count170
\l__regex_case_changed_char_int=\count171
\l__regex_curr_state_int=\count172
\l__regex_step_int=\count173
\l__regex_min_active_int=\count174
\l__regex_max_active_int=\count175
\l__regex_replacement_csnames_int=\count176
\l__regex_match_count_int=\count177
\l__regex_min_submatch_int=\count178
\l__regex_submatch_int=\count179
\l__regex_zeroth_submatch_int=\count180
\g__regex_trace_regex_int=\count181
\c_empty_box=\box28
\l_tmpa_box=\box29
\l_tmpb_box=\box30
\g_tmpa_box=\box31
\g_tmpb_box=\box32
\l__box_top_dim=\dimen120
\l__box_bottom_dim=\dimen121
\l__box_left_dim=\dimen122
\l__box_right_dim=\dimen123
\l__box_top_new_dim=\dimen124
\l__box_bottom_new_dim=\dimen125
\l__box_left_new_dim=\dimen126
\l__box_right_new_dim=\dimen127
\l__box_internal_box=\box33
\l__coffin_internal_box=\box34
\l__coffin_internal_dim=\dimen128
\l__coffin_offset_x_dim=\dimen129
\l__coffin_offset_y_dim=\dimen130
\l__coffin_x_dim=\dimen131
\l__coffin_y_dim=\dimen132
\l__coffin_x_prime_dim=\dimen133
\l__coffin_y_prime_dim=\dimen134
\c_empty_coffin=\box35
\l__coffin_aligned_coffin=\box36
\l__coffin_aligned_internal_coffin=\box37
\l_tmpa_coffin=\box38
\l_tmpb_coffin=\box39
\l__coffin_display_coffin=\box40
\l__coffin_display_coord_coffin=\box41
\l__coffin_display_pole_coffin=\box42
\l__coffin_display_offset_dim=\dimen135
\l__coffin_display_x_dim=\dimen136
\l__coffin_display_y_dim=\dimen137
\g__file_internal_ior=\read1
\l__coffin_bounding_shift_dim=\dimen138
\l__coffin_left_corner_dim=\dimen139
\l__coffin_right_corner_dim=\dimen140
\l__coffin_bottom_corner_dim=\dimen141
\l__coffin_top_corner_dim=\dimen142
\l__coffin_scaled_total_height_dim=\dimen143
\l__coffin_scaled_width_dim=\dimen144
\l__seq_internal_a_int=\count182
\l__seq_internal_b_int=\count183
)
("C:\Program Files\MiKTeX 2.9\tex\latex\l3kernel\l3pdfmode.def"
File: l3pdfmode.def 2018-10-19 v L3 Experimental driver: PDF mode
\l__driver_color_stack_int=\count184
))
Package: xparse 2018-10-17 L3 Experimental document command parser
\l__xparse_current_arg_int=\count185
\g__xparse_grabber_int=\count186
\l__xparse_m_args_int=\count187
\l__xparse_mandatory_args_int=\count188
\l__xparse_v_nesting_int=\count189
)
("C:\Program Files\MiKTeX 2.9\tex\latex\base\fontenc.sty"
Package: fontenc 2017/04/05 v2.0i Standard LaTeX package

("C:\Program Files\MiKTeX 2.9\tex\latex\cyrillic\t2aenc.def"
File: t2aenc.def 2005/09/27 v1.0i Cyrillic encoding definition file
Now handling font encoding T2A ...
... processing UTF-8 mapping file for font encoding T2A

("C:\Program Files\MiKTeX 2.9\tex\latex\base\t2aenc.dfu"
File: t2aenc.dfu 2018/04/05 v1.2c UTF-8 support for inputenc
   defining Unicode char U+00A4 (decimal 164)
   defining Unicode char U+00A7 (decimal 167)
   defining Unicode char U+00AB (decimal 171)
   defining Unicode char U+00BB (decimal 187)
   defining Unicode char U+0131 (decimal 305)
   defining Unicode char U+0400 (decimal 1024)
   defining Unicode char U+0401 (decimal 1025)
   defining Unicode char U+0402 (decimal 1026)
   defining Unicode char U+0403 (decimal 1027)
   defining Unicode char U+0404 (decimal 1028)
   defining Unicode char U+0405 (decimal 1029)
   defining Unicode char U+0406 (decimal 1030)
   defining Unicode char U+0407 (decimal 1031)
   defining Unicode char U+0408 (decimal 1032)
   defining Unicode char U+0409 (decimal 1033)
   defining Unicode char U+040A (decimal 1034)
   defining Unicode char U+040B (decimal 1035)
   defining Unicode char U+040C (decimal 1036)
   defining Unicode char U+040D (decimal 1037)
   defining Unicode char U+040E (decimal 1038)
   defining Unicode char U+040F (decimal 1039)
   defining Unicode char U+0410 (decimal 1040)
   defining Unicode char U+0411 (decimal 1041)
   defining Unicode char U+0412 (decimal 1042)
   defining Unicode char U+0413 (decimal 1043)
   defining Unicode char U+0414 (decimal 1044)
   defining Unicode char U+0415 (decimal 1045)
   defining Unicode char U+0416 (decimal 1046)
   defining Unicode char U+0417 (decimal 1047)
   defining Unicode char U+0418 (decimal 1048)
   defining Unicode char U+0419 (decimal 1049)
   defining Unicode char U+041A (decimal 1050)
   defining Unicode char U+041B (decimal 1051)
   defining Unicode char U+041C (decimal 1052)
   defining Unicode char U+041D (decimal 1053)
   defining Unicode char U+041E (decimal 1054)
   defining Unicode char U+041F (decimal 1055)
   defining Unicode char U+0420 (decimal 1056)
   defining Unicode char U+0421 (decimal 1057)
   defining Unicode char U+0422 (decimal 1058)
   defining Unicode char U+0423 (decimal 1059)
   defining Unicode char U+0424 (decimal 1060)
   defining Unicode char U+0425 (decimal 1061)
   defining Unicode char U+0426 (decimal 1062)
   defining Unicode char U+0427 (decimal 1063)
   defining Unicode char U+0428 (decimal 1064)
   defining Unicode char U+0429 (decimal 1065)
   defining Unicode char U+042A (decimal 1066)
   defining Unicode char U+042B (decimal 1067)
   defining Unicode char U+042C (decimal 1068)
   defining Unicode char U+042D (decimal 1069)
   defining Unicode char U+042E (decimal 1070)
   defining Unicode char U+042F (decimal 1071)
   defining Unicode char U+0430 (decimal 1072)
   defining Unicode char U+0431 (decimal 1073)
   defining Unicode char U+0432 (decimal 1074)
   defining Unicode char U+0433 (decimal 1075)
   defining Unicode char U+0434 (decimal 1076)
   defining Unicode char U+0435 (decimal 1077)
   defining Unicode char U+0436 (decimal 1078)
   defining Unicode char U+0437 (decimal 1079)
   defining Unicode char U+0438 (decimal 1080)
   defining Unicode char U+0439 (decimal 1081)
   defining Unicode char U+043A (decimal 1082)
   defining Unicode char U+043B (decimal 1083)
   defining Unicode char U+043C (decimal 1084)
   defining Unicode char U+043D (decimal 1085)
   defining Unicode char U+043E (decimal 1086)
   defining Unicode char U+043F (decimal 1087)
   defining Unicode char U+0440 (decimal 1088)
   defining Unicode char U+0441 (decimal 1089)
   defining Unicode char U+0442 (decimal 1090)
   defining Unicode char U+0443 (decimal 1091)
   defining Unicode char U+0444 (decimal 1092)
   defining Unicode char U+0445 (decimal 1093)
   defining Unicode char U+0446 (decimal 1094)
   defining Unicode char U+0447 (decimal 1095)
   defining Unicode char U+0448 (decimal 1096)
   defining Unicode char U+0449 (decimal 1097)
   defining Unicode char U+044A (decimal 1098)
   defining Unicode char U+044B (decimal 1099)
   defining Unicode char U+044C (decimal 1100)
   defining Unicode char U+044D (decimal 1101)
   defining Unicode char U+044E (decimal 1102)
   defining Unicode char U+044F (decimal 1103)
   defining Unicode char U+0450 (decimal 1104)
   defining Unicode char U+0451 (decimal 1105)
   defining Unicode char U+0452 (decimal 1106)
   defining Unicode char U+0453 (decimal 1107)
   defining Unicode char U+0454 (decimal 1108)
   defining Unicode char U+0455 (decimal 1109)
   defining Unicode char U+0456 (decimal 1110)
   defining Unicode char U+0457 (decimal 1111)
   defining Unicode char U+0458 (decimal 1112)
   defining Unicode char U+0459 (decimal 1113)
   defining Unicode char U+045A (decimal 1114)
   defining Unicode char U+045B (decimal 1115)
   defining Unicode char U+045C (decimal 1116)
   defining Unicode char U+045D (decimal 1117)
   defining Unicode char U+045E (decimal 1118)
   defining Unicode char U+045F (decimal 1119)
   defining Unicode char U+0490 (decimal 1168)
   defining Unicode char U+0491 (decimal 1169)
   defining Unicode char U+0492 (decimal 1170)
   defining Unicode char U+0493 (decimal 1171)
   defining Unicode char U+0496 (decimal 1174)
   defining Unicode char U+0497 (decimal 1175)
   defining Unicode char U+0498 (decimal 1176)
   defining Unicode char U+0499 (decimal 1177)
   defining Unicode char U+049A (decimal 1178)
   defining Unicode char U+049B (decimal 1179)
   defining Unicode char U+049C (decimal 1180)
   defining Unicode char U+049D (decimal 1181)
   defining Unicode char U+04A0 (decimal 1184)
   defining Unicode char U+04A1 (decimal 1185)
   defining Unicode char U+04A2 (decimal 1186)
   defining Unicode char U+04A3 (decimal 1187)
   defining Unicode char U+04A4 (decimal 1188)
   defining Unicode char U+04A5 (decimal 1189)
   defining Unicode char U+04AA (decimal 1194)
   defining Unicode char U+04AB (decimal 1195)
   defining Unicode char U+04AE (decimal 1198)
   defining Unicode char U+04AF (decimal 1199)
   defining Unicode char U+04B0 (decimal 1200)
   defining Unicode char U+04B1 (decimal 1201)
   defining Unicode char U+04B2 (decimal 1202)
   defining Unicode char U+04B3 (decimal 1203)
   defining Unicode char U+04B6 (decimal 1206)
   defining Unicode char U+04B7 (decimal 1207)
   defining Unicode char U+04B8 (decimal 1208)
   defining Unicode char U+04B9 (decimal 1209)
   defining Unicode char U+04BA (decimal 1210)
   defining Unicode char U+04BB (decimal 1211)
   defining Unicode char U+04C0 (decimal 1216)
   defining Unicode char U+04C1 (decimal 1217)
   defining Unicode char U+04C2 (decimal 1218)
   defining Unicode char U+04D0 (decimal 1232)
   defining Unicode char U+04D1 (decimal 1233)
   defining Unicode char U+04D2 (decimal 1234)
   defining Unicode char U+04D3 (decimal 1235)
   defining Unicode char U+04D4 (decimal 1236)
   defining Unicode char U+04D5 (decimal 1237)
   defining Unicode char U+04D6 (decimal 1238)
   defining Unicode char U+04D7 (decimal 1239)
   defining Unicode char U+04D8 (decimal 1240)
   defining Unicode char U+04D9 (decimal 1241)
   defining Unicode char U+04DA (decimal 1242)
   defining Unicode char U+04DB (decimal 1243)
   defining Unicode char U+04DC (decimal 1244)
   defining Unicode char U+04DD (decimal 1245)
   defining Unicode char U+04DE (decimal 1246)
   defining Unicode char U+04DF (decimal 1247)
   defining Unicode char U+04E2 (decimal 1250)
   defining Unicode char U+04E3 (decimal 1251)
   defining Unicode char U+04E4 (decimal 1252)
   defining Unicode char U+04E5 (decimal 1253)
   defining Unicode char U+04E6 (decimal 1254)
   defining Unicode char U+04E7 (decimal 1255)
   defining Unicode char U+04E8 (decimal 1256)
   defining Unicode char U+04E9 (decimal 1257)
   defining Unicode char U+04EC (decimal 1260)
   defining Unicode char U+04ED (decimal 1261)
   defining Unicode char U+04EE (decimal 1262)
   defining Unicode char U+04EF (decimal 1263)
   defining Unicode char U+04F0 (decimal 1264)
   defining Unicode char U+04F1 (decimal 1265)
   defining Unicode char U+04F2 (decimal 1266)
   defining Unicode char U+04F3 (decimal 1267)
   defining Unicode char U+04F4 (decimal 1268)
   defining Unicode char U+04F5 (decimal 1269)
   defining Unicode char U+04F8 (decimal 1272)
   defining Unicode char U+04F9 (decimal 1273)
   defining Unicode char U+200C (decimal 8204)
   defining Unicode char U+2013 (decimal 8211)
   defining Unicode char U+2014 (decimal 8212)
   defining Unicode char U+2018 (decimal 8216)
   defining Unicode char U+2019 (decimal 8217)
   defining Unicode char U+201C (decimal 8220)
   defining Unicode char U+201D (decimal 8221)
   defining Unicode char U+201E (decimal 8222)
   defining Unicode char U+2030 (decimal 8240)
   defining Unicode char U+2031 (decimal 8241)
   defining Unicode char U+2116 (decimal 8470)
   defining Unicode char U+2329 (decimal 9001)
   defining Unicode char U+232A (decimal 9002)
   defining Unicode char U+2423 (decimal 9251)
))
LaTeX Font Info:    Try loading font information for T2A+cmr on input line 105.


("C:\Program Files\MiKTeX 2.9\tex\latex\cyrillic\t2acmr.fd"
File: t2acmr.fd 2001/08/11 v1.0a Computer Modern Cyrillic font definitions
))
("C:\Program Files\MiKTeX 2.9\tex\latex\base\inputenc.sty"
Package: inputenc 2018/04/06 v1.3b Input encoding file
\inpenc@prehook=\toks20
\inpenc@posthook=\toks21
)
("C:\Program Files\MiKTeX 2.9\tex\generic\babel\babel.sty"
Package: babel 2018/06/05 3.22 The Babel package

("C:\Program Files\MiKTeX 2.9\tex\generic\babel\switch.def"
File: switch.def 2018/06/05 3.22 Babel switching mechanism
)
*************************************
* Local config file bblopts.cfg used
*
("C:\Program Files\MiKTeX 2.9\tex\latex\arabi\bblopts.cfg"
File: bblopts.cfg 2005/09/08 v0.1 add Arabic and Farsi to "declared" options of
 babel
)
("C:\Program Files\MiKTeX 2.9\tex\latex\babel-russian\russianb.ldf"
Language: russian 2017/08/12 1.3j Russian support for the Babel system

("C:\Program Files\MiKTeX 2.9\tex\generic\babel\babel.def"
File: babel.def 2018/06/05 3.22 Babel common definitions
\babel@savecnt=\count190
\U@D=\dimen145

("C:\Program Files\MiKTeX 2.9\tex\generic\babel\txtbabel.def")
\bbl@dirlevel=\count191
)
Package babel Info: Making " an active character on input line 120.
Package babel Info: Default for \cyrdash is provided on input line 157.
)
("C:\Program Files\MiKTeX 2.9\tex\latex\babel-english\english.ldf"
Language: english 2017/06/06 v3.3r English support from the babel system
\l@canadian = a dialect from \language\l@american 
\l@australian = a dialect from \language\l@british 
\l@newzealand = a dialect from \language\l@british 
))
("C:\Program Files\MiKTeX 2.9\tex\latex\base\ifthen.sty"
Package: ifthen 2014/09/29 v1.1c Standard LaTeX ifthen package (DPC)
)
("C:\Program Files\MiKTeX 2.9\tex\latex\revtex4\revsymb.sty"
Package: revsymb 2001/08/03 v4.0 (http://publish.aps.org/revtex4/ for documenta
tion)
LaTeX Info: Redefining \frak on input line 94.
LaTeX Info: Redefining \Bbb on input line 110.
LaTeX Info: Redefining \REV@mathfrak on input line 118.
)
("C:\Program Files\MiKTeX 2.9\tex\latex\tools\verbatim.sty"
Package: verbatim 2014/10/28 v1.5q LaTeX2e package for verbatim enhancements
\every@verbatim=\toks22
\verbatim@line=\toks23
\verbatim@in@stream=\read2
)
("C:\Program Files\MiKTeX 2.9\tex\latex\url\url.sty"
\Urlmuskip=\muskip17
Package: url 2013/09/16  ver 3.4  Verb mode for urls, etc.
)
("C:\Program Files\MiKTeX 2.9\tex\latex\tools\longtable.sty"
Package: longtable 2014/10/28 v4.11 Multi-page Table package (DPC)
\LTleft=\skip53
\LTright=\skip54
\LTpre=\skip55
\LTpost=\skip56
\LTchunksize=\count192
\LTcapwidth=\dimen146
\LT@head=\box43
\LT@firsthead=\box44
\LT@foot=\box45
\LT@lastfoot=\box46
\LT@cols=\count193
\LT@rows=\count194
\c@LT@tables=\count195
\c@LT@chunks=\count196
\LT@p@ftn=\toks24
)
("C:\Program Files\MiKTeX 2.9\tex\latex\tabulary\tabulary.sty"
Package: tabulary 2014/06/11 v0.10 tabulary package (DPC)

("C:\Program Files\MiKTeX 2.9\tex\latex\tools\array.sty"
Package: array 2018/04/30 v2.4h Tabular extension package (FMi)
\col@sep=\dimen147
\ar@mcellbox=\box47
\extrarowheight=\dimen148
\NC@list=\toks25
\extratabsurround=\skip57
\backup@length=\skip58
\ar@cellbox=\box48
)
\TY@count=\count197
\TY@linewidth=\dimen149
\tymin=\dimen150
\tymax=\dimen151
\TY@tablewidth=\dimen152
)
("C:\Program Files\MiKTeX 2.9\tex\latex\tools\hhline.sty"
Package: hhline 2014/10/28 v2.03 Table rule package (DPC)
)
("C:\Program Files\MiKTeX 2.9\tex\latex\float\float.sty"
Package: float 2001/11/08 v1.3d Float enhancements (AL)
\c@float@type=\count198
\float@exts=\toks26
\float@box=\box49
\@float@everytoks=\toks27
\@floatcapt=\box50
)
("C:\Program Files\MiKTeX 2.9\tex\latex\footmisc\footmisc.sty"
Package: footmisc 2011/06/06 v5.5b a miscellany of footnote facilities
\FN@temptoken=\toks28
\footnotemargin=\dimen153
\c@pp@next@reset=\count199
\c@@fnserial=\count266
Package footmisc Info: Declaring symbol style bringhurst on input line 855.
Package footmisc Info: Declaring symbol style chicago on input line 863.
Package footmisc Info: Declaring symbol style wiley on input line 872.
Package footmisc Info: Declaring symbol style lamport-robust on input line 883.

Package footmisc Info: Declaring symbol style lamport* on input line 903.
Package footmisc Info: Declaring symbol style lamport*-robust on input line 924
.
)
("C:\Program Files\MiKTeX 2.9\tex\latex\graphics\color.sty"
Package: color 2016/07/10 v1.1e Standard LaTeX Color (DPC)

("C:\Program Files\MiKTeX 2.9\tex\latex\graphics-cfg\color.cfg"
File: color.cfg 2016/01/02 v1.6 sample color configuration
)
Package color Info: Driver file: pdftex.def on input line 147.

("C:\Program Files\MiKTeX 2.9\tex\latex\graphics-def\pdftex.def"
File: pdftex.def 2018/01/08 v1.0l Graphics/color driver for pdftex
))
("C:\Program Files\MiKTeX 2.9\tex\latex\graphics\graphicx.sty"
Package: graphicx 2017/06/01 v1.1a Enhanced LaTeX Graphics (DPC,SPQR)

("C:\Program Files\MiKTeX 2.9\tex\latex\graphics\keyval.sty"
Package: keyval 2014/10/28 v1.15 key=value parser (DPC)
\KV@toks@=\toks29
)
("C:\Program Files\MiKTeX 2.9\tex\latex\graphics\graphics.sty"
Package: graphics 2017/06/25 v1.2c Standard LaTeX Graphics (DPC,SPQR)

("C:\Program Files\MiKTeX 2.9\tex\latex\graphics\trig.sty"
Package: trig 2016/01/03 v1.10 sin cos tan (DPC)
)
("C:\Program Files\MiKTeX 2.9\tex\latex\graphics-cfg\graphics.cfg"
File: graphics.cfg 2016/06/04 v1.11 sample graphics configuration
)
Package graphics Info: Driver file: pdftex.def on input line 99.
)
\Gin@req@height=\dimen154
\Gin@req@width=\dimen155
)
("C:\Program Files\MiKTeX 2.9\tex\latex\wrapfig\wrapfig.sty"
\wrapoverhang=\dimen156
\WF@size=\dimen157
\c@WF@wrappedlines=\count267
\WF@box=\box51
\WF@everypar=\toks30
Package: wrapfig 2003/01/31  v 3.6
)
("C:\Program Files\MiKTeX 2.9\tex\latex\setspace\setspace.sty"
Package: setspace 2011/12/19 v6.7a set line spacing
)
("C:\Program Files\MiKTeX 2.9\tex\latex\caption\caption.sty"
Package: caption 2019/10/18 v3.4a Customizing captions (AR)

("C:\Program Files\MiKTeX 2.9\tex\latex\caption\caption3.sty"
Package: caption3 2019/09/09 v1.8e caption3 kernel (AR)
Package caption3 Info: TeX engine: e-TeX on input line 64.
\captionmargin=\dimen158
\captionmargin@=\dimen159
\captionwidth=\dimen160
\caption@tempdima=\dimen161
\caption@indent=\dimen162
\caption@parindent=\dimen163
\caption@hangindent=\dimen164
Package caption Info: Standard document class detected.
)
\c@caption@flags=\count268
\c@continuedfloat=\count269
Package caption Info: float package is loaded.
Package caption Info: longtable package is loaded.

("C:\Program Files\MiKTeX 2.9\tex\latex\caption\ltcaption.sty"
Package: ltcaption 2018/08/26 v1.4a longtable captions (AR)
)
Package caption Info: wrapfig package is loaded.
)
("C:\Program Files\MiKTeX 2.9\tex\latex\mdwtools\footnote.sty"
Package: footnote 1997/01/28 1.13 Save footnotes around boxes
\fn@notes=\box52
\fn@width=\dimen165
)
("C:\Program Files\MiKTeX 2.9\tex\latex\tools\tabularx.sty"
Package: tabularx 2016/02/03 v2.11b `tabularx' package (DPC)
\TX@col@width=\dimen166
\TX@old@table=\dimen167
\TX@old@col=\dimen168
\TX@target=\dimen169
\TX@delta=\dimen170
\TX@cols=\count270
\TX@ftn=\toks31
)
("C:\Program Files\MiKTeX 2.9\tex\latex\booktabs\booktabs.sty"
Package: booktabs 2019/10/08 v1.6180339 publication quality tables
\heavyrulewidth=\dimen171
\lightrulewidth=\dimen172
\cmidrulewidth=\dimen173
\belowrulesep=\dimen174
\belowbottomsep=\dimen175
\aboverulesep=\dimen176
\abovetopsep=\dimen177
\cmidrulesep=\dimen178
\cmidrulekern=\dimen179
\defaultaddspace=\dimen180
\@cmidla=\count271
\@cmidlb=\count272
\@aboverulesep=\dimen181
\@belowrulesep=\dimen182
\@thisruleclass=\count273
\@lastruleclass=\count274
\@thisrulewidth=\dimen183
)
("C:\Program Files\MiKTeX 2.9\tex\latex\subfig\subfig.sty"
Package: subfig 2005/06/28 ver: 1.3 subfig package
\c@KVtest=\count275
\sf@farskip=\skip59
\sf@captopadj=\dimen184
\sf@capskip=\skip60
\sf@nearskip=\skip61
\c@subfigure=\count276
\c@subfigure@save=\count277
\c@lofdepth=\count278
\c@subtable=\count279
\c@subtable@save=\count280
\c@lotdepth=\count281
\sf@top=\skip62
\sf@bottom=\skip63
)
("C:\Program Files\MiKTeX 2.9\tex\latex\t2\citehack.sty"
Package: citehack 
LaTeX Info: Redefining \ref on input line 65.
LaTeX Info: Redefining \pageref on input line 68.
)
("C:\Program Files\MiKTeX 2.9\tex\latex\lastpage\lastpage.sty"
Package: lastpage 2015/03/29 v1.2m Refers to last page's name (HMM; JPG)
)
("C:\Program Files\MiKTeX 2.9\tex\latex\fp\fp.sty"
Package: fp 1995/04/02

`Fixed Point Package', Version 0.8, April 2, 1995 (C) Michael Mehlich
("C:\Program Files\MiKTeX 2.9\tex\latex\fp\defpattern.sty"
Package: defpattern 1994/10/12
\actioncount=\count282
)
("C:\Program Files\MiKTeX 2.9\tex\latex\fp\fp-basic.sty"
Package: fp-basic 1996/05/13
\FP@xs=\count283
\FP@xia=\count284
\FP@xib=\count285
\FP@xfa=\count286
\FP@xfb=\count287
\FP@rega=\count288
\FP@regb=\count289
\FP@regs=\count290
\FP@times=\count291
)
("C:\Program Files\MiKTeX 2.9\tex\latex\fp\fp-addons.sty"
Package: fp-addons 1995/03/15
)
("C:\Program Files\MiKTeX 2.9\tex\latex\fp\fp-snap.sty"
Package: fp-snap 1995/04/05
)
("C:\Program Files\MiKTeX 2.9\tex\latex\fp\fp-exp.sty"
Package: fp-exp 1995/04/03
)
("C:\Program Files\MiKTeX 2.9\tex\latex\fp\fp-trigo.sty"
Package: fp-trigo 1995/04/14
)
("C:\Program Files\MiKTeX 2.9\tex\latex\fp\fp-pas.sty"
Package: fp-pas 1994/08/29
)
("C:\Program Files\MiKTeX 2.9\tex\latex\fp\fp-random.sty"
Package: fp-random 1995/02/23
\FPseed=\count292
)
("C:\Program Files\MiKTeX 2.9\tex\latex\fp\fp-eqn.sty"
Package: fp-eqn 1995/04/03
)
("C:\Program Files\MiKTeX 2.9\tex\latex\fp\fp-upn.sty"
Package: fp-upn 1996/10/21
)
("C:\Program Files\MiKTeX 2.9\tex\latex\fp\fp-eval.sty"
Package: fp-eval 1995/04/03
))
\TOarg=\skip64
\TOunit=\skip65

("C:\Program Files\MiKTeX 2.9\tex\latex\cite\cite.sty"
LaTeX Info: Redefining \cite on input line 302.
LaTeX Info: Redefining \nocite on input line 332.
Package: cite 2015/02/27  v 5.5
)
\bibhang=\skip66
\c@parno=\count293
\c@subparno=\count294
\c@authors=\count295
\c@affil=\count296
\c@authorseng=\count297
\c@affileng=\count298
\c@email=\count299

("C:\Program Files\MiKTeX 2.9\tex\latex\eso-pic\eso-pic.sty"
Package: eso-pic 2018/04/12 v2.0h eso-pic (RN)

("C:\Program Files\MiKTeX 2.9\tex\generic\oberdiek\atbegshi.sty"
Package: atbegshi 2016/06/09 v1.18 At begin shipout hook (HO)

("C:\Program Files\MiKTeX 2.9\tex\generic\oberdiek\infwarerr.sty"
Package: infwarerr 2016/05/16 v1.4 Providing info/warning/error messages (HO)
)
("C:\Program Files\MiKTeX 2.9\tex\generic\oberdiek\ltxcmds.sty"
Package: ltxcmds 2016/05/16 v1.23 LaTeX kernel commands for general use (HO)
)
("C:\Program Files\MiKTeX 2.9\tex\generic\oberdiek\ifpdf.sty"
Package: ifpdf 2017/03/15 v3.2 Provides the ifpdf switch
)))
("C:\Program Files\MiKTeX 2.9\tex\latex\fancyhdr\fancyhdr.sty"
Package: fancyhdr 2019/01/31 v3.10 Extensive control of page headers and footer
s
\f@nch@headwidth=\skip67
\f@nch@O@elh=\skip68
\f@nch@O@erh=\skip69
\f@nch@O@olh=\skip70
\f@nch@O@orh=\skip71
\f@nch@O@elf=\skip72
\f@nch@O@erf=\skip73
\f@nch@O@olf=\skip74
\f@nch@O@orf=\skip75
)
("C:\Program Files\MiKTeX 2.9\tex\latex\truncate\truncate.sty"
Package: truncate 2001/08/20  ver 3.6
\@Trunc@RestHyph=\toks32
)
\absbox=\box53
\absboxeng=\box54
\c@teo=\count300
\c@hyp=\count301
\c@lem=\count302
\c@cor=\count303
\c@pro=\count304
\c@con=\count305
\c@fed=\count306
\c@rem=\count307
\c@com=\count308
\c@exl=\count309
\c@sol=\count310
\@tempstrut=\skip76
)
("C:\Program Files\MiKTeX 2.9\tex\latex\algorithms\algorithm.sty"
Package: algorithm 2009/08/24 v0.1 Document Style `algorithm' - floating enviro
nment
\@float@every@algorithm=\toks33
\c@algorithm=\count311
)
("C:\Program Files\MiKTeX 2.9\tex\latex\algorithms\algorithmic.sty"
Package: algorithmic 2009/08/24 v0.1 Document Style `algorithmic'
\c@ALC@unique=\count312
\c@ALC@line=\count313
\c@ALC@rem=\count314
\c@ALC@depth=\count315
\ALC@tlm=\skip77
\algorithmicindent=\skip78
)
("C:\Program Files\MiKTeX 2.9\tex\latex\tools\theorem.sty"
Package: theorem 2014/10/28 v2.2c Theorem extension package (FMi)
\theorem@style=\toks34
\theorem@bodyfont=\toks35
\theorempreskipamount=\skip79
\theorempostskipamount=\skip80

("C:\Program Files\MiKTeX 2.9\tex\latex\tools\thp.sty"
File: thp.sty 2014/10/28 v2.2c Theorem extension package (FMi)
))
\c@theorems=\count316
 (template.aux)
\openout1 = `template.aux'.

LaTeX Font Info:    Checking defaults for OML/cmm/m/it on input line 22.
LaTeX Font Info:    ... okay on input line 22.
LaTeX Font Info:    Checking defaults for T1/cmr/m/n on input line 22.
LaTeX Font Info:    ... okay on input line 22.
LaTeX Font Info:    Checking defaults for OT1/cmr/m/n on input line 22.
LaTeX Font Info:    ... okay on input line 22.
LaTeX Font Info:    Checking defaults for OMS/cmsy/m/n on input line 22.
LaTeX Font Info:    ... okay on input line 22.
LaTeX Font Info:    Checking defaults for OMX/cmex/m/n on input line 22.
LaTeX Font Info:    ... okay on input line 22.
LaTeX Font Info:    Checking defaults for U/cmr/m/n on input line 22.
LaTeX Font Info:    ... okay on input line 22.
LaTeX Font Info:    Checking defaults for T2A/cmr/m/n on input line 22.
LaTeX Font Info:    ... okay on input line 22.
LaTeX Font Info:    Try loading font information for T2A+ftm on input line 22.
LaTeX Font Info:    No file T2Aftm.fd. on input line 22.


LaTeX Font Warning: Font shape `T2A/ftm/m/n' undefined
(Font)              using `T2A/cmr/m/n' instead on input line 22.

("C:\Program Files\MiKTeX 2.9\tex\context\base\supp-pdf.mkii"
[Loading MPS to PDF converter (version 2006.09.02).]
\scratchcounter=\count317
\scratchdimen=\dimen185
\scratchbox=\box55
\nofMPsegments=\count318
\nofMParguments=\count319
\everyMPshowfont=\toks36
\MPscratchCnt=\count320
\MPscratchDim=\dimen186
\MPnumerator=\count321
\makeMPintoPDFobject=\count322
\everyMPtoPDFconversion=\toks37
) ("C:\Program Files\MiKTeX 2.9\tex\latex\oberdiek\epstopdf-base.sty"
Package: epstopdf-base 2016/05/15 v2.6 Base part for package epstopdf

("C:\Program Files\MiKTeX 2.9\tex\latex\oberdiek\grfext.sty"
Package: grfext 2016/05/16 v1.2 Manage graphics extensions (HO)

("C:\Program Files\MiKTeX 2.9\tex\generic\oberdiek\kvdefinekeys.sty"
Package: kvdefinekeys 2016/05/16 v1.4 Define keys (HO)
))
("C:\Program Files\MiKTeX 2.9\tex\latex\oberdiek\kvoptions.sty"
Package: kvoptions 2016/05/16 v3.12 Key value format for package options (HO)

("C:\Program Files\MiKTeX 2.9\tex\generic\oberdiek\kvsetkeys.sty"
Package: kvsetkeys 2016/05/16 v1.17 Key value parser (HO)

("C:\Program Files\MiKTeX 2.9\tex\generic\oberdiek\etexcmds.sty"
Package: etexcmds 2016/05/16 v1.6 Avoid name clashes with e-TeX commands (HO)

("C:\Program Files\MiKTeX 2.9\tex\generic\oberdiek\ifluatex.sty"
Package: ifluatex 2016/05/16 v1.4 Provides the ifluatex switch (HO)
Package ifluatex Info: LuaTeX not detected.
)
Package etexcmds Info: Could not find \expanded.
(etexcmds)             That can mean that you are not using pdfTeX 1.50 or
(etexcmds)             that some package has redefined \expanded.
(etexcmds)             In the latter case, load this package earlier.
)))
("C:\Program Files\MiKTeX 2.9\tex\generic\oberdiek\pdftexcmds.sty"
Package: pdftexcmds 2018/01/30 v0.27 Utility functions of pdfTeX for LuaTeX (HO
)
Package pdftexcmds Info: LuaTeX not detected.
Package pdftexcmds Info: \pdf@primitive is available.
Package pdftexcmds Info: \pdf@ifprimitive is available.
Package pdftexcmds Info: \pdfdraftmode found.
)
Package epstopdf-base Info: Redefining graphics rule for `.eps' on input line 4
38.
Package grfext Info: Graphics extension search list:
(grfext)             [.pdf,.png,.jpg,.mps,.jpeg,.jbig2,.jb2,.PDF,.PNG,.JPG,.JPE
G,.JBIG2,.JB2,.eps]
(grfext)             \AppendGraphicsExtensions on input line 456.
)
Package caption Info: Begin \AtBeginDocument code.
Package caption Info: subfig package v1.3 is loaded.
Package caption Info: End \AtBeginDocument code.
Package lastpage Info: Please have a look at the pageslts package at
(lastpage)             https://www.ctan.org/pkg/pageslts
(lastpage)             ! on input line 22.
\AtBeginShipoutBox=\box56


LaTeX Font Warning: Font shape `T2A/ftm/bx/n' undefined
(Font)              using `T2A/ftm/m/n' instead on input line 110.


LaTeX Font Warning: Font shape `T2A/ftm/bx/n' in size <18> not available
(Font)              size <17.28> substituted on input line 110.

LaTeX Font Info:    Calculating math sizes for size <14> on input line 110.
LaTeX Font Info:    Try loading font information for U+msa on input line 110.
("C:\Program Files\MiKTeX 2.9\tex\latex\amsfonts\umsa.fd"
File: umsa.fd 2013/01/14 v3.01 AMS symbols A
)
LaTeX Font Info:    Try loading font information for U+msb on input line 110.

("C:\Program Files\MiKTeX 2.9\tex\latex\amsfonts\umsb.fd"
File: umsb.fd 2013/01/14 v3.01 AMS symbols B
)
LaTeX Font Info:    Try loading font information for OT1+ftm on input line 110.

LaTeX Font Info:    No file OT1ftm.fd. on input line 110.


LaTeX Font Warning: Font shape `OT1/ftm/m/n' undefined
(Font)              using `OT1/cmr/m/n' instead on input line 110.

LaTeX Font Info:    Try loading font information for OMS+ftm on input line 110.

LaTeX Font Info:    No file OMSftm.fd. on input line 110.

LaTeX Font Warning: Font shape `OMS/ftm/m/n' undefined
(Font)              using `OMS/cmsy/m/n' instead on input line 110.

Package epstopdf Info: Source file: <crm-logo.eps>
(epstopdf)                    date: 2019-06-26 20:01:18
(epstopdf)                    size: 34558 bytes
(epstopdf)             Output file: <crm-logo-eps-converted-to.pdf>
(epstopdf)                    date: 2019-12-09 00:46:55
(epstopdf)                    size: 4855 bytes
(epstopdf)             Command: <epstopdf --outfile=crm-logo-eps-converted-to.p
df crm-logo.eps>
(epstopdf)             \includegraphics on input line 110.
Package epstopdf Info: Output file is already uptodate.
<crm-logo-eps-converted-to.pdf, id=1, 46.1725pt x 22.0825pt>
File: crm-logo-eps-converted-to.pdf Graphic file (type pdf)
<use crm-logo-eps-converted-to.pdf>
Package pdftex.def Info: crm-logo-eps-converted-to.pdf  used on input line 110.

(pdftex.def)             Requested size: 46.17236pt x 22.08243pt.
[1{C:/Users/Lenovo/AppData/Local/MiKTeX/2.9/pdftex/config/pdftex.map}

 <./crm-logo-eps-converted-to.pdf>]

LaTeX Font Warning: Font shape `T2A/ftm/m/it' undefined
(Font)              using `T2A/ftm/m/n' instead on input line 110.

Package epstopdf Info: Source file: <crm-logo.eps>
(epstopdf)                    date: 2019-06-26 20:01:18
(epstopdf)                    size: 34558 bytes
(epstopdf)             Output file: <crm-logo-eps-converted-to.pdf>
(epstopdf)                    date: 2019-12-09 00:46:55
(epstopdf)                    size: 4855 bytes
(epstopdf)             Command: <epstopdf --outfile=crm-logo-eps-converted-to.p
df crm-logo.eps>
(epstopdf)             \includegraphics on input line 110.
Package epstopdf Info: Output file is already uptodate.
File: crm-logo-eps-converted-to.pdf Graphic file (type pdf)
<use crm-logo-eps-converted-to.pdf>
Package pdftex.def Info: crm-logo-eps-converted-to.pdf  used on input line 110.

(pdftex.def)             Requested size: 46.17236pt x 22.08243pt.
[2]
LaTeX Font Info:    Try loading font information for OT1+txr on input line 137.

 ("C:\Program Files\MiKTeX 2.9\tex\latex\txfonts\ot1txr.fd"
File: ot1txr.fd 2000/12/15 v3.1
)
LaTeX Font Info:    Try loading font information for OMS+txsy on input line 141
.

("C:\Program Files\MiKTeX 2.9\tex\latex\txfonts\omstxsy.fd"
File: omstxsy.fd 2000/12/15 v3.1
)

LaTeX Font Warning: Font shape `T2A/ftm/m/sl' undefined
(Font)              using `T2A/ftm/m/n' instead on input line 150.

[3]

LaTeX Font Warning: Font shape `T2A/ftm/bx/it' undefined
(Font)              using `T2A/ftm/bx/n' instead on input line 181.

[4] [5] [6] [7]
Package epstopdf Info: Source file: <plots/ill_logr_des.eps>
(epstopdf)                    date: 2019-12-16 23:09:01
(epstopdf)                    size: 45290 bytes
(epstopdf)             Output file: <plots/ill_logr_des-eps-converted-to.pdf>
(epstopdf)                    date: 2019-12-16 23:11:13
(epstopdf)                    size: 169600 bytes
(epstopdf)             Command: <epstopdf --outfile=plots/ill_logr_des-eps-conv
erted-to.pdf plots/ill_logr_des.eps>
(epstopdf)             \includegraphics on input line 332.
Package epstopdf Info: Output file is already uptodate.
<plots/ill_logr_des-eps-converted-to.pdf, id=51, 433.62pt x 289.08pt>
File: plots/ill_logr_des-eps-converted-to.pdf Graphic file (type pdf)
<use plots/ill_logr_des-eps-converted-to.pdf>
Package pdftex.def Info: plots/ill_logr_des-eps-converted-to.pdf  used on input
 line 332.
(pdftex.def)             Requested size: 216.80946pt x 144.53964pt.
Package epstopdf Info: Source file: <plots/xy_logr_des.eps>
(epstopdf)                    date: 2019-12-16 23:26:33
(epstopdf)                    size: 42638 bytes
(epstopdf)             Output file: <plots/xy_logr_des-eps-converted-to.pdf>
(epstopdf)                    date: 2019-12-16 23:27:41
(epstopdf)                    size: 95639 bytes
(epstopdf)             Command: <epstopdf --outfile=plots/xy_logr_des-eps-conve
rted-to.pdf plots/xy_logr_des.eps>
(epstopdf)             \includegraphics on input line 333.
Package epstopdf Info: Output file is already uptodate.
<plots/xy_logr_des-eps-converted-to.pdf, id=52, 433.62pt x 289.08pt>
File: plots/xy_logr_des-eps-converted-to.pdf Graphic file (type pdf)
<use plots/xy_logr_des-eps-converted-to.pdf>
Package pdftex.def Info: plots/xy_logr_des-eps-converted-to.pdf  used on input 
line 333.
(pdftex.def)             Requested size: 216.80946pt x 144.53964pt.
Package epstopdf Info: Source file: <plots/ill_sqr_des.eps>
(epstopdf)                    date: 2019-12-16 23:34:38
(epstopdf)                    size: 64319 bytes
(epstopdf)             Output file: <plots/ill_sqr_des-eps-converted-to.pdf>
(epstopdf)                    date: 2019-12-16 23:41:06
(epstopdf)                    size: 297695 bytes
(epstopdf)             Command: <epstopdf --outfile=plots/ill_sqr_des-eps-conve
rted-to.pdf plots/ill_sqr_des.eps>
(epstopdf)             \includegraphics on input line 336.
Package epstopdf Info: Output file is already uptodate.
<plots/ill_sqr_des-eps-converted-to.pdf, id=53, 433.62pt x 289.08pt>
File: plots/ill_sqr_des-eps-converted-to.pdf Graphic file (type pdf)
<use plots/ill_sqr_des-eps-converted-to.pdf>
Package pdftex.def Info: plots/ill_sqr_des-eps-converted-to.pdf  used on input 
line 336.
(pdftex.def)             Requested size: 216.80946pt x 144.53964pt.
Package epstopdf Info: Source file: <plots/xy_sqr_des.eps>
(epstopdf)                    date: 2019-12-16 23:34:40
(epstopdf)                    size: 62679 bytes
(epstopdf)             Output file: <plots/xy_sqr_des-eps-converted-to.pdf>
(epstopdf)                    date: 2019-12-16 23:41:08
(epstopdf)                    size: 169619 bytes
(epstopdf)             Command: <epstopdf --outfile=plots/xy_sqr_des-eps-conver
ted-to.pdf plots/xy_sqr_des.eps>
(epstopdf)             \includegraphics on input line 337.
Package epstopdf Info: Output file is already uptodate.
<plots/xy_sqr_des-eps-converted-to.pdf, id=54, 433.62pt x 289.08pt>
File: plots/xy_sqr_des-eps-converted-to.pdf Graphic file (type pdf)
<use plots/xy_sqr_des-eps-converted-to.pdf>
Package pdftex.def Info: plots/xy_sqr_des-eps-converted-to.pdf  used on input l
ine 337.
(pdftex.def)             Requested size: 216.80946pt x 144.53964pt.
 [8 <./plots/ill_logr_des-eps-converted-to.pdf> <./plots/xy_logr_des-eps-conver
ted-to.pdf>] [9 <./plots/ill_sqr_des-eps-converted-to.pdf> <./plots/xy_sqr_des-
eps-converted-to.pdf>] [10] [11]
Package epstopdf Info: Source file: <plots/ill_algm_logr_des.eps>
(epstopdf)                    date: 2019-12-16 23:47:27
(epstopdf)                    size: 45035 bytes
(epstopdf)             Output file: <plots/ill_algm_logr_des-eps-converted-to.p
df>
(epstopdf)                    date: 2019-12-16 23:56:36
(epstopdf)                    size: 163183 bytes
(epstopdf)             Command: <epstopdf --outfile=plots/ill_algm_logr_des-eps
-converted-to.pdf plots/ill_algm_logr_des.eps>
(epstopdf)             \includegraphics on input line 460.
Package epstopdf Info: Output file is already uptodate.
<plots/ill_algm_logr_des-eps-converted-to.pdf, id=198, 433.62pt x 289.08pt>
File: plots/ill_algm_logr_des-eps-converted-to.pdf Graphic file (type pdf)
<use plots/ill_algm_logr_des-eps-converted-to.pdf>
Package pdftex.def Info: plots/ill_algm_logr_des-eps-converted-to.pdf  used on 
input line 460.
(pdftex.def)             Requested size: 216.80946pt x 144.53964pt.
Package epstopdf Info: Source file: <plots/xy_algm_logr_des.eps>
(epstopdf)                    date: 2019-12-16 23:47:29
(epstopdf)                    size: 43616 bytes
(epstopdf)             Output file: <plots/xy_algm_logr_des-eps-converted-to.pd
f>
(epstopdf)                    date: 2019-12-16 23:56:38
(epstopdf)                    size: 102024 bytes
(epstopdf)             Command: <epstopdf --outfile=plots/xy_algm_logr_des-eps-
converted-to.pdf plots/xy_algm_logr_des.eps>
(epstopdf)             \includegraphics on input line 461.
Package epstopdf Info: Output file is already uptodate.
<plots/xy_algm_logr_des-eps-converted-to.pdf, id=199, 433.62pt x 289.08pt>
File: plots/xy_algm_logr_des-eps-converted-to.pdf Graphic file (type pdf)
<use plots/xy_algm_logr_des-eps-converted-to.pdf>
Package pdftex.def Info: plots/xy_algm_logr_des-eps-converted-to.pdf  used on i
nput line 461.
(pdftex.def)             Requested size: 216.80946pt x 144.53964pt.
Package epstopdf Info: Source file: <plots/ill_algm_sqr_des.eps>
(epstopdf)                    date: 2019-12-17 00:02:52
(epstopdf)                    size: 79960 bytes
(epstopdf)             Output file: <plots/ill_algm_sqr_des-eps-converted-to.pd
f>
(epstopdf)                    date: 2019-12-17 00:04:25
(epstopdf)                    size: 394187 bytes
(epstopdf)             Command: <epstopdf --outfile=plots/ill_algm_sqr_des-eps-
converted-to.pdf plots/ill_algm_sqr_des.eps>
(epstopdf)             \includegraphics on input line 464.
Package epstopdf Info: Output file is already uptodate.
<plots/ill_algm_sqr_des-eps-converted-to.pdf, id=200, 433.62pt x 289.08pt>
File: plots/ill_algm_sqr_des-eps-converted-to.pdf Graphic file (type pdf)
<use plots/ill_algm_sqr_des-eps-converted-to.pdf>
Package pdftex.def Info: plots/ill_algm_sqr_des-eps-converted-to.pdf  used on i
nput line 464.
(pdftex.def)             Requested size: 216.80946pt x 144.53964pt.
Package epstopdf Info: Source file: <plots/xy_algm_sqr_des.eps>
(epstopdf)                    date: 2019-12-17 00:02:53
(epstopdf)                    size: 77445 bytes
(epstopdf)             Output file: <plots/xy_algm_sqr_des-eps-converted-to.pdf
>
(epstopdf)                    date: 2019-12-17 00:04:26
(epstopdf)                    size: 185392 bytes
(epstopdf)             Command: <epstopdf --outfile=plots/xy_algm_sqr_des-eps-c
onverted-to.pdf plots/xy_algm_sqr_des.eps>
(epstopdf)             \includegraphics on input line 465.
Package epstopdf Info: Output file is already uptodate.
<plots/xy_algm_sqr_des-eps-converted-to.pdf, id=201, 433.62pt x 289.08pt>
File: plots/xy_algm_sqr_des-eps-converted-to.pdf Graphic file (type pdf)
<use plots/xy_algm_sqr_des-eps-converted-to.pdf>
Package pdftex.def Info: plots/xy_algm_sqr_des-eps-converted-to.pdf  used on in
put line 465.
(pdftex.def)             Requested size: 216.80946pt x 144.53964pt.
 [12 <./plots/ill_algm_logr_des-eps-converted-to.pdf> <./plots/xy_algm_logr_des
-eps-converted-to.pdf>] [13 <./plots/ill_algm_sqr_des-eps-converted-to.pdf> <./
plots/xy_algm_sqr_des-eps-converted-to.pdf>]
Package epstopdf Info: Source file: <plots/test_acgm1.eps>
(epstopdf)                    date: 2019-12-17 01:17:42
(epstopdf)                    size: 147036 bytes
(epstopdf)             Output file: <plots/test_acgm1-eps-converted-to.pdf>
(epstopdf)                    date: 2019-12-17 01:21:40
(epstopdf)                    size: 809593 bytes
(epstopdf)             Command: <epstopdf --outfile=plots/test_acgm1-eps-conver
ted-to.pdf plots/test_acgm1.eps>
(epstopdf)             \includegraphics on input line 494.
Package epstopdf Info: Output file is already uptodate.
<plots/test_acgm1-eps-converted-to.pdf, id=342, 433.62pt x 289.08pt>
File: plots/test_acgm1-eps-converted-to.pdf Graphic file (type pdf)
<use plots/test_acgm1-eps-converted-to.pdf>
Package pdftex.def Info: plots/test_acgm1-eps-converted-to.pdf  used on input l
ine 494.
(pdftex.def)             Requested size: 216.80946pt x 144.53964pt.
Package epstopdf Info: Source file: <plots/test_acgm2.eps>
(epstopdf)                    date: 2019-12-17 01:18:50
(epstopdf)                    size: 138361 bytes
(epstopdf)             Output file: <plots/test_acgm2-eps-converted-to.pdf>
(epstopdf)                    date: 2019-12-17 01:21:43
(epstopdf)                    size: 759542 bytes
(epstopdf)             Command: <epstopdf --outfile=plots/test_acgm2-eps-conver
ted-to.pdf plots/test_acgm2.eps>
(epstopdf)             \includegraphics on input line 495.
Package epstopdf Info: Output file is already uptodate.
<plots/test_acgm2-eps-converted-to.pdf, id=343, 433.62pt x 289.08pt>
File: plots/test_acgm2-eps-converted-to.pdf Graphic file (type pdf)
<use plots/test_acgm2-eps-converted-to.pdf>
Package pdftex.def Info: plots/test_acgm2-eps-converted-to.pdf  used on input l
ine 495.
(pdftex.def)             Requested size: 216.80946pt x 144.53964pt.
Package epstopdf Info: Source file: <plots/test_acgm3.eps>
(epstopdf)                    date: 2019-12-17 01:30:10
(epstopdf)                    size: 370479 bytes
(epstopdf)             Output file: <plots/test_acgm3-eps-converted-to.pdf>
(epstopdf)                    date: 2019-12-17 01:32:51
(epstopdf)                    size: 2299616 bytes
(epstopdf)             Command: <epstopdf --outfile=plots/test_acgm3-eps-conver
ted-to.pdf plots/test_acgm3.eps>
(epstopdf)             \includegraphics on input line 498.
Package epstopdf Info: Output file is already uptodate.
<plots/test_acgm3-eps-converted-to.pdf, id=344, 433.62pt x 289.08pt>
File: plots/test_acgm3-eps-converted-to.pdf Graphic file (type pdf)
<use plots/test_acgm3-eps-converted-to.pdf>
Package pdftex.def Info: plots/test_acgm3-eps-converted-to.pdf  used on input l
ine 498.
(pdftex.def)             Requested size: 216.80946pt x 144.53964pt.
Package epstopdf Info: Source file: <plots/test_acgm4.eps>
(epstopdf)                    date: 2019-12-17 01:29:11
(epstopdf)                    size: 347026 bytes
(epstopdf)             Output file: <plots/test_acgm4-eps-converted-to.pdf>
(epstopdf)                    date: 2019-12-17 01:32:56
(epstopdf)                    size: 2121292 bytes
(epstopdf)             Command: <epstopdf --outfile=plots/test_acgm4-eps-conver
ted-to.pdf plots/test_acgm4.eps>
(epstopdf)             \includegraphics on input line 499.
Package epstopdf Info: Output file is already uptodate.
<plots/test_acgm4-eps-converted-to.pdf, id=345, 433.62pt x 289.08pt>
File: plots/test_acgm4-eps-converted-to.pdf Graphic file (type pdf)
<use plots/test_acgm4-eps-converted-to.pdf>
Package pdftex.def Info: plots/test_acgm4-eps-converted-to.pdf  used on input l
ine 499.
(pdftex.def)             Requested size: 216.80946pt x 144.53964pt.
Package epstopdf Info: Source file: <plots/acgm_l.eps>
(epstopdf)                    date: 2019-12-17 02:01:34
(epstopdf)                    size: 24612 bytes
(epstopdf)             Output file: <plots/acgm_l-eps-converted-to.pdf>
(epstopdf)                    date: 2019-12-17 02:08:02
(epstopdf)                    size: 14586 bytes
(epstopdf)             Command: <epstopdf --outfile=plots/acgm_l-eps-converted-
to.pdf plots/acgm_l.eps>
(epstopdf)             \includegraphics on input line 506.
Package epstopdf Info: Output file is already uptodate.
<plots/acgm_l-eps-converted-to.pdf, id=346, 433.62pt x 289.08pt>
File: plots/acgm_l-eps-converted-to.pdf Graphic file (type pdf)
<use plots/acgm_l-eps-converted-to.pdf>
Package pdftex.def Info: plots/acgm_l-eps-converted-to.pdf  used on input line 
506.
(pdftex.def)             Requested size: 216.80946pt x 144.53964pt.
Package epstopdf Info: Source file: <plots/acgm_r.eps>
(epstopdf)                    date: 2019-12-17 02:06:22
(epstopdf)                    size: 28840 bytes
(epstopdf)             Output file: <plots/acgm_r-eps-converted-to.pdf>
(epstopdf)                    date: 2019-12-17 02:08:03
(epstopdf)                    size: 16018 bytes
(epstopdf)             Command: <epstopdf --outfile=plots/acgm_r-eps-converted-
to.pdf plots/acgm_r.eps>
(epstopdf)             \includegraphics on input line 507.
Package epstopdf Info: Output file is already uptodate.
<plots/acgm_r-eps-converted-to.pdf, id=347, 433.62pt x 289.08pt>
File: plots/acgm_r-eps-converted-to.pdf Graphic file (type pdf)
<use plots/acgm_r-eps-converted-to.pdf>
Package pdftex.def Info: plots/acgm_r-eps-converted-to.pdf  used on input line 
507.
(pdftex.def)             Requested size: 216.80946pt x 144.53964pt.
 [14 <./plots/test_acgm1-eps-converted-to.pdf> <./plots/test_acgm2-eps-converte
d-to.pdf> <./plots/test_acgm3-eps-converted-to.pdf> <./plots/test_acgm4-eps-con
verted-to.pdf> <./plots/acgm_l-eps-converted-to.pdf> <./plots/acgm_r-eps-conver
ted-to.pdf>]
Package epstopdf Info: Source file: <plots/ogmg_acgm2.eps>
(epstopdf)                    date: 2019-12-17 02:27:18
(epstopdf)                    size: 319198 bytes
(epstopdf)             Output file: <plots/ogmg_acgm2-eps-converted-to.pdf>
(epstopdf)                    date: 2019-12-17 02:35:36
(epstopdf)                    size: 1934894 bytes
(epstopdf)             Command: <epstopdf --outfile=plots/ogmg_acgm2-eps-conver
ted-to.pdf plots/ogmg_acgm2.eps>
(epstopdf)             \includegraphics on input line 518.
Package epstopdf Info: Output file is already uptodate.
<plots/ogmg_acgm2-eps-converted-to.pdf, id=591, 433.62pt x 289.08pt>
File: plots/ogmg_acgm2-eps-converted-to.pdf Graphic file (type pdf)
<use plots/ogmg_acgm2-eps-converted-to.pdf>
Package pdftex.def Info: plots/ogmg_acgm2-eps-converted-to.pdf  used on input l
ine 518.
(pdftex.def)             Requested size: 216.80946pt x 144.53964pt.
Package epstopdf Info: Source file: <plots/ogmg_acgm1.eps>
(epstopdf)                    date: 2019-12-17 02:32:19
(epstopdf)                    size: 575760 bytes
(epstopdf)             Output file: <plots/ogmg_acgm1-eps-converted-to.pdf>
(epstopdf)                    date: 2019-12-17 02:35:43
(epstopdf)                    size: 3564364 bytes
(epstopdf)             Command: <epstopdf --outfile=plots/ogmg_acgm1-eps-conver
ted-to.pdf plots/ogmg_acgm1.eps>
(epstopdf)             \includegraphics on input line 519.
Package epstopdf Info: Output file is already uptodate.
<plots/ogmg_acgm1-eps-converted-to.pdf, id=592, 433.62pt x 289.08pt>
File: plots/ogmg_acgm1-eps-converted-to.pdf Graphic file (type pdf)
<use plots/ogmg_acgm1-eps-converted-to.pdf>
Package pdftex.def Info: plots/ogmg_acgm1-eps-converted-to.pdf  used on input l
ine 519.
(pdftex.def)             Requested size: 216.80946pt x 144.53964pt.
Package epstopdf Info: Source file: <plots/ogmg_acgm3.eps>
(epstopdf)                    date: 2019-12-17 02:44:31
(epstopdf)                    size: 237796 bytes
(epstopdf)             Output file: <plots/ogmg_acgm3-eps-converted-to.pdf>
(epstopdf)                    date: 2019-12-17 02:52:07
(epstopdf)                    size: 1420014 bytes
(epstopdf)             Command: <epstopdf --outfile=plots/ogmg_acgm3-eps-conver
ted-to.pdf plots/ogmg_acgm3.eps>
(epstopdf)             \includegraphics on input line 524.
Package epstopdf Info: Output file is already uptodate.
<plots/ogmg_acgm3-eps-converted-to.pdf, id=593, 433.62pt x 289.08pt>
File: plots/ogmg_acgm3-eps-converted-to.pdf Graphic file (type pdf)
<use plots/ogmg_acgm3-eps-converted-to.pdf>
Package pdftex.def Info: plots/ogmg_acgm3-eps-converted-to.pdf  used on input l
ine 524.
(pdftex.def)             Requested size: 216.80946pt x 144.53964pt.
Package epstopdf Info: Source file: <plots/ogmg_acgm4.eps>
(epstopdf)                    date: 2019-12-17 02:46:32
(epstopdf)                    size: 250282 bytes
(epstopdf)             Output file: <plots/ogmg_acgm4-eps-converted-to.pdf>
(epstopdf)                    date: 2019-12-17 02:52:11
(epstopdf)                    size: 1484382 bytes
(epstopdf)             Command: <epstopdf --outfile=plots/ogmg_acgm4-eps-conver
ted-to.pdf plots/ogmg_acgm4.eps>
(epstopdf)             \includegraphics on input line 525.
Package epstopdf Info: Output file is already uptodate.
<plots/ogmg_acgm4-eps-converted-to.pdf, id=594, 433.62pt x 289.08pt>
File: plots/ogmg_acgm4-eps-converted-to.pdf Graphic file (type pdf)
<use plots/ogmg_acgm4-eps-converted-to.pdf>
Package pdftex.def Info: plots/ogmg_acgm4-eps-converted-to.pdf  used on input l
ine 525.
(pdftex.def)             Requested size: 216.80946pt x 144.53964pt.
Package epstopdf Info: Source file: <plots/algm1.eps>
(epstopdf)                    date: 2019-12-17 04:11:07
(epstopdf)                    size: 135449 bytes
(epstopdf)             Output file: <plots/algm1-eps-converted-to.pdf>
(epstopdf)                    date: 2019-12-17 04:19:07
(epstopdf)                    size: 745054 bytes
(epstopdf)             Command: <epstopdf --outfile=plots/algm1-eps-converted-t
o.pdf plots/algm1.eps>
(epstopdf)             \includegraphics on input line 530.
Package epstopdf Info: Output file is already uptodate.
<plots/algm1-eps-converted-to.pdf, id=595, 433.62pt x 289.08pt>
File: plots/algm1-eps-converted-to.pdf Graphic file (type pdf)
<use plots/algm1-eps-converted-to.pdf>
Package pdftex.def Info: plots/algm1-eps-converted-to.pdf  used on input line 5
30.
(pdftex.def)             Requested size: 216.80946pt x 144.53964pt.
Package epstopdf Info: Source file: <plots/algm2.eps>
(epstopdf)                    date: 2019-12-17 04:11:37
(epstopdf)                    size: 77336 bytes
(epstopdf)             Output file: <plots/algm2-eps-converted-to.pdf>
(epstopdf)                    date: 2019-12-17 04:19:09
(epstopdf)                    size: 368105 bytes
(epstopdf)             Command: <epstopdf --outfile=plots/algm2-eps-converted-t
o.pdf plots/algm2.eps>
(epstopdf)             \includegraphics on input line 531.
Package epstopdf Info: Output file is already uptodate.
<plots/algm2-eps-converted-to.pdf, id=596, 433.62pt x 289.08pt>
File: plots/algm2-eps-converted-to.pdf Graphic file (type pdf)
<use plots/algm2-eps-converted-to.pdf>
Package pdftex.def Info: plots/algm2-eps-converted-to.pdf  used on input line 5
31.
(pdftex.def)             Requested size: 216.80946pt x 144.53964pt.
Package epstopdf Info: Source file: <plots/algm3.eps>
(epstopdf)                    date: 2019-12-17 04:08:22
(epstopdf)                    size: 1763058 bytes
(epstopdf)             Output file: <plots/algm3-eps-converted-to.pdf>
(epstopdf)                    date: 2019-12-17 04:19:28
(epstopdf)                    size: 10934496 bytes
(epstopdf)             Command: <epstopdf --outfile=plots/algm3-eps-converted-t
o.pdf plots/algm3.eps>
(epstopdf)             \includegraphics on input line 534.
Package epstopdf Info: Output file is already uptodate.
<plots/algm3-eps-converted-to.pdf, id=597, 433.62pt x 289.08pt>
File: plots/algm3-eps-converted-to.pdf Graphic file (type pdf)
<use plots/algm3-eps-converted-to.pdf>
Package pdftex.def Info: plots/algm3-eps-converted-to.pdf  used on input line 5
34.
(pdftex.def)             Requested size: 216.80946pt x 144.53964pt.
Package epstopdf Info: Source file: <plots/algm4.eps>
(epstopdf)                    date: 2019-12-17 04:09:05
(epstopdf)                    size: 1198898 bytes
(epstopdf)             Output file: <plots/algm4-eps-converted-to.pdf>
(epstopdf)                    date: 2019-12-17 04:19:41
(epstopdf)                    size: 7555052 bytes
(epstopdf)             Command: <epstopdf --outfile=plots/algm4-eps-converted-t
o.pdf plots/algm4.eps>
(epstopdf)             \includegraphics on input line 535.
Package epstopdf Info: Output file is already uptodate.
<plots/algm4-eps-converted-to.pdf, id=598, 433.62pt x 289.08pt>
File: plots/algm4-eps-converted-to.pdf Graphic file (type pdf)
<use plots/algm4-eps-converted-to.pdf>
Package pdftex.def Info: plots/algm4-eps-converted-to.pdf  used on input line 5
35.
(pdftex.def)             Requested size: 216.80946pt x 144.53964pt.
 [15 <./plots/ogmg_acgm2-eps-converted-to.pdf> <./plots/ogmg_acgm1-eps-converte
d-to.pdf> <./plots/ogmg_acgm3-eps-converted-to.pdf> <./plots/ogmg_acgm4-eps-con
verted-to.pdf> <./plots/algm1-eps-converted-to.pdf> <./plots/algm2-eps-converte
d-to.pdf>]
Package epstopdf Info: Source file: <plots/algm_l.eps>
(epstopdf)                    date: 2019-12-17 04:38:37
(epstopdf)                    size: 23392 bytes
(epstopdf)             Output file: <plots/algm_l-eps-converted-to.pdf>
(epstopdf)                    date: 2019-12-17 05:10:22
(epstopdf)                    size: 13701 bytes
(epstopdf)             Command: <epstopdf --outfile=plots/algm_l-eps-converted-
to.pdf plots/algm_l.eps>
(epstopdf)             \includegraphics on input line 542.
Package epstopdf Info: Output file is already uptodate.
<plots/algm_l-eps-converted-to.pdf, id=838, 433.62pt x 289.08pt>
File: plots/algm_l-eps-converted-to.pdf Graphic file (type pdf)
<use plots/algm_l-eps-converted-to.pdf>
Package pdftex.def Info: plots/algm_l-eps-converted-to.pdf  used on input line 
542.
(pdftex.def)             Requested size: 216.80946pt x 144.53964pt.
Package epstopdf Info: Source file: <plots/algm_r.eps>
(epstopdf)                    date: 2019-12-17 05:00:19
(epstopdf)                    size: 26490 bytes
(epstopdf)             Output file: <plots/algm_r-eps-converted-to.pdf>
(epstopdf)                    date: 2019-12-17 05:10:23
(epstopdf)                    size: 14980 bytes
(epstopdf)             Command: <epstopdf --outfile=plots/algm_r-eps-converted-
to.pdf plots/algm_r.eps>
(epstopdf)             \includegraphics on input line 543.
Package epstopdf Info: Output file is already uptodate.
<plots/algm_r-eps-converted-to.pdf, id=839, 433.62pt x 289.08pt>
File: plots/algm_r-eps-converted-to.pdf Graphic file (type pdf)
<use plots/algm_r-eps-converted-to.pdf>
Package pdftex.def Info: plots/algm_r-eps-converted-to.pdf  used on input line 
543.
(pdftex.def)             Requested size: 216.80946pt x 144.53964pt.
Package epstopdf Info: Source file: <plots/algm_acgm1.eps>
(epstopdf)                    date: 2019-12-17 05:07:30
(epstopdf)                    size: 332983 bytes
(epstopdf)             Output file: <plots/algm_acgm1-eps-converted-to.pdf>
(epstopdf)                    date: 2019-12-17 05:10:28
(epstopdf)                    size: 2004842 bytes
(epstopdf)             Command: <epstopdf --outfile=plots/algm_acgm1-eps-conver
ted-to.pdf plots/algm_acgm1.eps>
(epstopdf)             \includegraphics on input line 550.
Package epstopdf Info: Output file is already uptodate.
<plots/algm_acgm1-eps-converted-to.pdf, id=840, 433.62pt x 289.08pt>
File: plots/algm_acgm1-eps-converted-to.pdf Graphic file (type pdf)
<use plots/algm_acgm1-eps-converted-to.pdf>
Package pdftex.def Info: plots/algm_acgm1-eps-converted-to.pdf  used on input l
ine 550.
(pdftex.def)             Requested size: 216.80946pt x 144.53964pt.
Package epstopdf Info: Source file: <plots/algm_acgm2.eps>
(epstopdf)                    date: 2019-12-17 05:06:52
(epstopdf)                    size: 1092486 bytes
(epstopdf)             Output file: <plots/algm_acgm2-eps-converted-to.pdf>
(epstopdf)                    date: 2019-12-17 05:10:41
(epstopdf)                    size: 6574462 bytes
(epstopdf)             Command: <epstopdf --outfile=plots/algm_acgm2-eps-conver
ted-to.pdf plots/algm_acgm2.eps>
(epstopdf)             \includegraphics on input line 551.
Package epstopdf Info: Output file is already uptodate.
<plots/algm_acgm2-eps-converted-to.pdf, id=841, 433.62pt x 289.08pt>
File: plots/algm_acgm2-eps-converted-to.pdf Graphic file (type pdf)
<use plots/algm_acgm2-eps-converted-to.pdf>
Package pdftex.def Info: plots/algm_acgm2-eps-converted-to.pdf  used on input l
ine 551.
(pdftex.def)             Requested size: 216.80946pt x 144.53964pt.
 [16 <./plots/algm3-eps-converted-to.pdf> <./plots/algm4-eps-converted-to.pdf> 
<./plots/algm_l-eps-converted-to.pdf> <./plots/algm_r-eps-converted-to.pdf> <./
plots/algm_acgm1-eps-converted-to.pdf> <./plots/algm_acgm2-eps-converted-to.pdf
>]
LaTeX Font Info:    Try loading font information for T2A+cmtt on input line 573
.

("C:\Program Files\MiKTeX 2.9\tex\latex\cyrillic\t2acmtt.fd"
File: t2acmtt.fd 2001/08/11 v1.0a Computer Modern Cyrillic font definitions
)

AED: lastpage setting LastPage
[17] (template.aux)

LaTeX Font Warning: Size substitutions with differences
(Font)              up to 0.72pt have occurred.


LaTeX Font Warning: Some font shapes were not available, defaults substituted.

 ) 
Here is how much of TeX's memory you used:
 16841 strings out of 492973
 288215 string characters out of 3135930
 364438 words of memory out of 3000000
 20398 multiletter control sequences out of 15000+200000
 554530 words of font info for 90 fonts, out of 3000000 for 9000
 1141 hyphenation exceptions out of 8191
 47i,14n,65p,1641b,641s stack positions out of 5000i,500n,10000p,200000b,50000s
 <C:\Users\Lenovo\AppData\Local\MiKTeX\2.9\fonts\pk\ljfour\lh\lh-t2a\dpi600\l
att0900.pk> <C:\Users\Lenovo\AppData\Local\MiKTeX\2.9\fonts\pk\ljfour\lh\lh-t2a
\dpi600\latt1095.pk> <C:\Users\Lenovo\AppData\Local\MiKTeX\2.9\fonts\pk\ljfour\
lh\lh-t2a\dpi600\larm0800.pk> <C:\Users\Lenovo\AppData\Local\MiKTeX\2.9\fonts\p
k\ljfour\lh\lh-t2a\dpi600\larm0700.pk> <C:\Users\Lenovo\AppData\Local\MiKTeX\2.
9\fonts\pk\ljfour\lh\lh-t2a\dpi600\larm1000.pk> <C:\Users\Lenovo\AppData\Local\
MiKTeX\2.9\fonts\pk\ljfour\lh\lh-t2a\dpi600\larm1440.pk> <C:\Users\Lenovo\AppDa
ta\Local\MiKTeX\2.9\fonts\pk\ljfour\lh\lh-t2a\dpi600\larm1728.pk> <C:\Users\Len
ovo\AppData\Local\MiKTeX\2.9\fonts\pk\ljfour\lh\lh-t2a\dpi600\larm1200.pk> <C:\
Users\Lenovo\AppData\Local\MiKTeX\2.9\fonts\pk\ljfour\lh\lh-t2a\dpi600\larm0900
.pk> <C:\Users\Lenovo\AppData\Local\MiKTeX\2.9\fonts\pk\ljfour\lh\lh-t2a\dpi600
\larm1095.pk><C:/Program Files/MiKTeX 2.9/fonts/type1/public/amsfonts/cm/cmbx10
.pfb><C:/Program Files/MiKTeX 2.9/fonts/type1/public/amsfonts/cm/cmbx8.pfb><C:/
Program Files/MiKTeX 2.9/fonts/type1/public/amsfonts/cm/cmex10.pfb><C:/Program 
Files/MiKTeX 2.9/fonts/type1/public/amsfonts/cm/cmmi10.pfb><C:/Program Files/Mi
KTeX 2.9/fonts/type1/public/amsfonts/cm/cmmi12.pfb><C:/Program Files/MiKTeX 2.9
/fonts/type1/public/amsfonts/cm/cmmi6.pfb><C:/Program Files/MiKTeX 2.9/fonts/ty
pe1/public/amsfonts/cm/cmmi8.pfb><C:/Program Files/MiKTeX 2.9/fonts/type1/publi
c/amsfonts/cm/cmr10.pfb><C:/Program Files/MiKTeX 2.9/fonts/type1/public/amsfont
s/cm/cmr6.pfb><C:/Program Files/MiKTeX 2.9/fonts/type1/public/amsfonts/cm/cmr8.
pfb><C:/Program Files/MiKTeX 2.9/fonts/type1/public/amsfonts/cm/cmsy10.pfb><C:/
Program Files/MiKTeX 2.9/fonts/type1/public/amsfonts/cm/cmsy6.pfb><C:/Program F
iles/MiKTeX 2.9/fonts/type1/public/amsfonts/cm/cmsy8.pfb><C:/Program Files/MiKT
eX 2.9/fonts/type1/public/amsfonts/symbols/msam10.pfb><C:/Program Files/MiKTeX 
2.9/fonts/type1/public/amsfonts/symbols/msbm10.pfb>
Output written on template.pdf (17 pages, 44577330 bytes).
PDF statistics:
 1737 PDF objects out of 2073 (max. 8388607)
 0 named destinations out of 1000 (max. 500000)
 136 words of extra memory for PDF output out of 10000 (max. 10000000)

